[2021-07-06 09:38:53] mylog.ERROR: 服务器错误！ ["The POST method is not supported for this route. Supported methods: GET, HEAD."] []
[2021-07-06 10:14:06] mylog.ERROR: 服务器错误！ ["The GET method is not supported for this route. Supported methods: POST."] []
[2021-07-06 10:14:14] mylog.ERROR: 添加pdp数据错误 ["SQLSTATE[23000]: Integrity constraint violation: 1062 Duplicate entry '89' for key 'user_email' (SQL: insert into `pdp` (`user_email`, `tiger_score`, `peacock_score`, `koala_score`, `owl_score`, `chameleon_score`) values (89, 5, 4, 6, 2, 4))"] []
[2021-07-06 17:00:38] mylog.ERROR: 服务器错误！ ["The GET method is not supported for this route. Supported methods: POST."] []
[2021-07-06 17:00:54] mylog.ERROR: 服务器错误！ ["The GET method is not supported for this route. Supported methods: POST."] []
[2021-07-06 17:01:06] mylog.ERROR: 服务器错误！ ["Method App\\Http\\Controllers\\Login\\LoginController::register does not exist."] []
[2021-07-06 17:23:19] mylog.ERROR: 服务器错误！ ["syntax error, unexpected ':'"] []
[2021-07-06 18:06:38] mylog.ERROR: 服务器错误！ ["The GET method is not supported for this route. Supported methods: POST."] []
[2021-07-06 18:06:47] mylog.ERROR: 添加pdp数据错误 ["SQLSTATE[23000]: Integrity constraint violation: 1062 Duplicate entry '89' for key 'user_email' (SQL: insert into `pdp` (`user_email`, `tiger_score`, `peacock_score`, `koala_score`, `owl_score`, `chameleon_score`) values (89, 5, 4, 6, 2, 4))"] []
[2021-07-06 18:07:38] mylog.ERROR: 服务器错误！ ["The POST method is not supported for this route. Supported methods: GET, HEAD."] []
[2021-07-06 18:09:35] mylog.ERROR: 服务器错误！ ["The GET method is not supported for this route. Supported methods: POST."] []
[2021-07-06 18:09:40] mylog.ERROR: 添加pdp数据错误 ["SQLSTATE[23000]: Integrity constraint violation: 1062 Duplicate entry '89' for key 'user_email' (SQL: insert into `pdp` (`user_email`, `tiger_score`, `peacock_score`, `koala_score`, `owl_score`, `chameleon_score`) values (89, 5, 2, 6, 2, 4))"] []
[2021-07-06 20:42:49] mylog.ERROR: 服务器错误！ ["The POST method is not supported for this route. Supported methods: GET, HEAD."] []
[2021-07-06 20:47:30] mylog.ERROR: 服务器错误！ ["The POST method is not supported for this route. Supported methods: GET, HEAD."] []
[2021-07-06 20:50:15] mylog.ERROR: 服务器错误！ ["The GET method is not supported for this route. Supported methods: POST."] []
[2021-07-06 20:50:21] mylog.ERROR: 添加pdp数据错误 ["SQLSTATE[23000]: Integrity constraint violation: 1062 Duplicate entry '89' for key 'user_email' (SQL: insert into `pdp` (`user_email`, `tiger_score`, `peacock_score`, `koala_score`, `owl_score`, `chameleon_score`) values (89, 5, 4, 6, 2, 10))"] []
[2021-07-06 20:50:38] mylog.ERROR: 添加pdp数据错误 ["SQLSTATE[23000]: Integrity constraint violation: 1062 Duplicate entry '89' for key 'user_email' (SQL: insert into `pdp` (`user_email`, `tiger_score`, `peacock_score`, `koala_score`, `owl_score`, `chameleon_score`) values (89, 5, 4, 6, 2, 10))"] []
[2021-07-06 20:54:13] mylog.ERROR: 服务器错误！ ["The GET method is not supported for this route. Supported methods: POST."] []
[2021-07-06 21:07:11] mylog.ERROR: 服务器错误！ ["The POST method is not supported for this route. Supported methods: GET, HEAD."] []
[2021-07-06 21:09:24] mylog.ERROR: 添加pdp数据错误 ["SQLSTATE[23000]: Integrity constraint violation: 1048 Column 'user_email' cannot be null (SQL: insert into `pdp` (`user_email`, `tiger_score`, `peacock_score`, `koala_score`, `owl_score`, `chameleon_score`) values (?, 4, 3, 2, 6, 2))"] []
[2021-07-06 21:10:58] mylog.ERROR: 添加pdp数据错误 ["SQLSTATE[23000]: Integrity constraint violation: 1062 Duplicate entry '215' for key 'user_email' (SQL: insert into `pdp` (`user_email`, `tiger_score`, `peacock_score`, `koala_score`, `owl_score`, `chameleon_score`) values (215, 4, 3, 2, 6, 2))"] []
[2021-07-06 21:13:53] mylog.ERROR: 服务器错误！ ["Method Illuminate\\Validation\\Validator::validateUserEmail does not exist."] []
[2021-07-06 21:14:52] mylog.ERROR: 添加pdp数据错误 ["SQLSTATE[HY000]: General error: 1364 Field 'user_email' doesn't have a default value (SQL: insert into `pdp` (`tiger_score`, `peacock_score`, `koala_score`, `owl_score`, `chameleon_score`) values (4, 3, 2, 6, 2))"] []
[2021-07-06 21:16:54] mylog.ERROR: 服务器错误！ ["Method Illuminate\\Validation\\Validator::validateUserEmail does not exist."] []
[2021-07-06 21:17:17] mylog.ERROR: 服务器错误！ ["Method Illuminate\\Validation\\Validator::validateUserEmail does not exist."] []
[2021-07-06 21:18:05] mylog.ERROR: 服务器错误！ ["Method Illuminate\\Validation\\Validator::validateUserEmail does not exist."] []
[2021-07-06 21:18:53] mylog.ERROR: 添加pdp数据错误 ["SQLSTATE[HY000]: General error: 1364 Field 'user_email' doesn't have a default value (SQL: insert into `pdp` (`tiger_score`, `peacock_score`, `koala_score`, `owl_score`, `chameleon_score`) values (4, 3, 2, 6, 2))"] []
[2021-07-06 21:20:06] mylog.ERROR: 添加pdp数据错误 ["SQLSTATE[HY000]: General error: 1364 Field 'user_email' doesn't have a default value (SQL: insert into `pdp` (`tiger_score`, `peacock_score`, `koala_score`, `owl_score`, `chameleon_score`) values (4, 10, 2, 6, 2))"] []
[2021-07-06 21:20:29] mylog.ERROR: 添加pdp数据错误 ["SQLSTATE[HY000]: General error: 1364 Field 'user_email' doesn't have a default value (SQL: insert into `pdp` (`tiger_score`, `peacock_score`, `koala_score`, `owl_score`, `chameleon_score`) values (4, 10, 2, 6, 2))"] []
[2021-07-06 21:26:42] mylog.ERROR: 服务器错误！ ["The POST method is not supported for this route. Supported methods: GET, HEAD."] []
[2021-07-06 21:27:05] mylog.ERROR: 服务器错误！ ["The GET method is not supported for this route. Supported methods: POST."] []
[2021-07-06 21:30:56] mylog.ERROR: 添加pdp数据错误 ["SQLSTATE[23000]: Integrity constraint violation: 1062 Duplicate entry '555' for key 'user_email' (SQL: insert into `pdp` (`user_email`, `tiger_score`, `peacock_score`, `koala_score`, `owl_score`, `chameleon_score`) values (555, 4, 1, 2, 6, 1))"] []
[2021-07-06 21:31:20] mylog.ERROR: 添加pdp数据错误 ["SQLSTATE[23000]: Integrity constraint violation: 1062 Duplicate entry '555' for key 'user_email' (SQL: insert into `pdp` (`user_email`, `tiger_score`, `peacock_score`, `koala_score`, `owl_score`, `chameleon_score`) values (555, 4, 2, 2, 6, 1))"] []
[2021-07-06 21:45:01] mylog.ERROR: 服务器错误！ ["The POST method is not supported for this route. Supported methods: GET, HEAD."] []
[2021-07-06 21:46:51] mylog.ERROR: 服务器错误！ ["The GET method is not supported for this route. Supported methods: POST."] []
[2021-07-06 22:02:27] mylog.ERROR: 服务器错误！ ["Argument 1 passed to Illuminate\\Auth\\EloquentUserProvider::validateCredentials() must be an instance of Illuminate\\Contracts\\Auth\\Authenticatable, instance of App\\Models\\user given, called in F:\\laravel\\laravel-master\\vendor\\tymon\\jwt-auth\\src\\JWTGuard.php on line 390"] []
