[2021-08-25 00:03:37] mylog.ERROR: 服务器错误！ ["Argument 1 passed to Illuminate\\Auth\\EloquentUserProvider::validateCredentials() must be an instance of Illuminate\\Contracts\\Auth\\Authenticatable, instance of App\\Models\\user given, called in C:\\Users\\Admin\\Desktop\\gittest-master\\vendor\\tymon\\jwt-auth\\src\\JWTGuard.php on line 390"] []
[2021-08-25 00:20:54] mylog.ERROR: 服务器错误！ ["Argument 1 passed to Illuminate\\Auth\\EloquentUserProvider::validateCredentials() must be an instance of Illuminate\\Contracts\\Auth\\Authenticatable, instance of App\\Models\\user given, called in C:\\Users\\Admin\\Desktop\\gittest-master\\vendor\\tymon\\jwt-auth\\src\\JWTGuard.php on line 390"] []
[2021-08-25 00:22:37] mylog.ERROR: 服务器错误！ ["Argument 1 passed to Illuminate\\Auth\\EloquentUserProvider::validateCredentials() must be an instance of Illuminate\\Contracts\\Auth\\Authenticatable, instance of App\\Models\\user given, called in C:\\Users\\Admin\\Desktop\\gittest-master\\vendor\\tymon\\jwt-auth\\src\\JWTGuard.php on line 390"] []
[2021-08-25 00:24:24] mylog.ERROR: 服务器错误！ ["Argument 1 passed to Illuminate\\Auth\\EloquentUserProvider::validateCredentials() must be an instance of Illuminate\\Contracts\\Auth\\Authenticatable, instance of App\\Models\\user given, called in C:\\Users\\Admin\\Desktop\\gittest-master\\vendor\\tymon\\jwt-auth\\src\\JWTGuard.php on line 390"] []
[2021-08-25 10:05:54] mylog.ERROR: 服务器错误！ ["The GET method is not supported for this route. Supported methods: POST."] []
[2021-08-25 10:06:02] mylog.ERROR: 服务器错误！ ["Method Illuminate\\Routing\\ResponseFactory::fail does not exist."] []
[2021-08-25 10:07:29] mylog.ERROR: 服务器错误！ ["Method Illuminate\\Routing\\ResponseFactory::fail does not exist."] []
[2021-08-25 10:11:07] mylog.ERROR: 服务器错误！ ["Method Illuminate\\Routing\\ResponseFactory::fail does not exist."] []
[2021-08-25 10:18:25] mylog.ERROR: 服务器错误！ ["Method Illuminate\\Routing\\ResponseFactory::fail does not exist."] []
[2021-08-25 10:23:13] mylog.ERROR: 服务器错误！ ["The GET method is not supported for this route. Supported methods: POST."] []
[2021-08-25 10:25:33] mylog.ERROR: 存入分数失败 ["SQLSTATE[23000]: Integrity constraint violation: 1048 Column 'user_email' cannot be null (SQL: insert into `temperament` (`user_email`, `bile_score`, `bloody_score`, `mucus_score`, `depression_score`) values (?, 4, 3, 2, 6))"] []
[2021-08-25 10:26:11] mylog.ERROR: 存入分数失败 ["SQLSTATE[23000]: Integrity constraint violation: 1048 Column 'user_email' cannot be null (SQL: insert into `temperament` (`user_email`, `bile_score`, `bloody_score`, `mucus_score`, `depression_score`) values (?, 4, 3, 2, 6))"] []
[2021-08-25 10:33:01] mylog.ERROR: 存入分数失败 ["SQLSTATE[23000]: Integrity constraint violation: 1062 Duplicate entry '55' for key 'user_email' (SQL: insert into `temperament` (`user_email`, `bile_score`, `bloody_score`, `mucus_score`, `depression_score`) values (55, 4, 3, 2, 6))"] []
[2021-08-25 10:35:30] mylog.ERROR: 存入分数失败 ["SQLSTATE[23000]: Integrity constraint violation: 1048 Column 'user_email' cannot be null (SQL: insert into `temperament` (`user_email`, `bile_score`, `bloody_score`, `mucus_score`, `depression_score`) values (?, 4, 3, 2, 6))"] []
[2021-08-25 10:37:32] mylog.ERROR: 获取用户信息错误 ["Undefined offset: 4"] []
[2021-08-25 10:37:37] mylog.ERROR: 获取用户信息错误 ["Undefined offset: 4"] []
[2021-08-25 10:38:36] mylog.ERROR: 获取用户信息错误 ["Undefined offset: 4"] []
[2021-08-25 10:40:10] mylog.ERROR: 获取用户信息错误 ["Undefined offset: 4"] []
[2021-08-25 10:41:30] mylog.ERROR: 获取用户信息错误 ["Undefined offset: 4"] []
[2021-08-25 10:41:55] mylog.ERROR: 获取用户信息错误 ["Undefined offset: 4"] []
[2021-08-25 10:46:02] mylog.ERROR: 服务器错误！ ["The GET method is not supported for this route. Supported methods: POST."] []
[2021-08-25 10:46:42] mylog.ERROR: 添加失败 ["SQLSTATE[23000]: Integrity constraint violation: 1062 Duplicate entry '123' for key 'user_email' (SQL: insert into `pdp` (`user_email`, `tiger_score`, `peacock_score`, `koala_score`, `owl_score`, `chameleon_score`) values (123, 5, 2, 3, 4, 1))"] []
[2021-08-25 10:48:22] mylog.ERROR: 服务器错误！ ["The given data was invalid."] []
[2021-08-25 10:50:02] mylog.ERROR: 服务器错误！ ["The POST method is not supported for this route. Supported methods: GET, HEAD."] []
[2021-08-25 10:52:05] mylog.ERROR: 服务器错误！ ["The GET method is not supported for this route. Supported methods: POST."] []
[2021-08-25 10:52:57] mylog.ERROR: 存入分数失败 ["SQLSTATE[23000]: Integrity constraint violation: 1062 Duplicate entry '99999999999999' for key 'user_email' (SQL: insert into `sds` (`user_email`, `reality_score`, `research_score`, `art_score`, `society_score`, `enterprise_score`, `tradition_score`) values (99999999999999, 51, 51, 3753, 42, 11, 44))"] []
