[2021-07-01 10:53:58] mylog.ERROR: 服务器错误！ ["Method App\\Http\\Controllers\\Career\\PdpController::aaa does not exist."] []
[2021-07-01 10:56:57] mylog.ERROR: 服务器错误！ ["The GET method is not supported for this route. Supported methods: POST."] []
[2021-07-01 11:01:11] mylog.ERROR: 服务器错误！ ["The GET method is not supported for this route. Supported methods: POST."] []
[2021-07-01 11:03:45] mylog.ERROR: 服务器错误！ ["The GET method is not supported for this route. Supported methods: POST."] []
[2021-07-01 11:04:37] mylog.ERROR: 服务器错误！ ["Target class [App\\Http\\Controllers\\Career\\pdpRequest] does not exist."] []
[2021-07-01 11:06:39] mylog.ERROR: 服务器错误！ ["Declaration of App\\Http\\Requests\\pdpRequest::failedValidation(App\\Http\\Requests\\Validator $validator) should be compatible with Illuminate\\Foundation\\Http\\FormRequest::failedValidation(Illuminate\\Contracts\\Validation\\Validator $validator)"] []
[2021-07-01 11:08:16] mylog.ERROR: 服务器错误！ ["Declaration of App\\Http\\Requests\\pdpRequest::failedValidation(Illuminate\\Support\\Facades\\Validator $validator) should be compatible with Illuminate\\Foundation\\Http\\FormRequest::failedValidation(Illuminate\\Contracts\\Validation\\Validator $validator)"] []
[2021-07-01 11:18:48] mylog.ERROR: 服务器错误！ ["This action is unauthorized."] []
[2021-07-01 11:19:02] mylog.ERROR: 服务器错误！ ["The POST method is not supported for this route. Supported methods: GET, HEAD."] []
[2021-07-01 11:20:46] mylog.ERROR: 服务器错误！ ["This action is unauthorized."] []
[2021-07-01 12:13:36] mylog.ERROR: 服务器错误！ ["Method App\\Http\\Controllers\\Career\\PdpController::num does not exist."] []
[2021-07-01 12:14:58] mylog.ERROR: 获取用户信息错误 ["Non-static method Illuminate\\Database\\Eloquent\\Model::loadCount() should not be called statically"] []
[2021-07-01 12:16:43] mylog.ERROR: 获取用户信息错误 ["Non-static method Illuminate\\Database\\Eloquent\\Model::loadCount() should not be called statically"] []
[2021-07-01 12:16:45] mylog.ERROR: 获取用户信息错误 ["Non-static method Illuminate\\Database\\Eloquent\\Model::loadCount() should not be called statically"] []
[2021-07-01 12:42:24] mylog.ERROR: 服务器错误！ ["Class 'App\\Model\\DB' not found"] []
[2021-07-01 12:42:49] mylog.ERROR: 服务器错误！ ["Call to undefined method Illuminate\\Database\\MySqlConnection::count()"] []
[2021-07-01 12:52:09] mylog.ERROR: 服务器错误！ ["Declaration of App\\Http\\Requests\\ShowUserdataRequest::failedValidation(App\\Http\\Requests\\Validator $validator) should be compatible with Illuminate\\Foundation\\Http\\FormRequest::failedValidation(Illuminate\\Contracts\\Validation\\Validator $validator)"] []
[2021-07-01 12:52:41] mylog.ERROR: 服务器错误！ ["This action is unauthorized."] []
[2021-07-01 12:54:37] mylog.ERROR: 服务器错误！ ["This action is unauthorized."] []
[2021-07-01 12:55:27] mylog.ERROR: 服务器错误！ ["This action is unauthorized."] []
[2021-07-01 13:08:38] mylog.ERROR: 服务器错误！ ["This action is unauthorized."] []
[2021-07-01 13:08:42] mylog.ERROR: 服务器错误！ ["The POST method is not supported for this route. Supported methods: GET, HEAD."] []
[2021-07-01 13:09:07] mylog.ERROR: 服务器错误！ ["The POST method is not supported for this route. Supported methods: GET, HEAD."] []
[2021-07-01 13:09:15] mylog.ERROR: 服务器错误！ ["This action is unauthorized."] []
[2021-07-01 13:09:38] mylog.ERROR: 服务器错误！ ["This action is unauthorized."] []
[2021-07-01 13:17:13] mylog.ERROR: 服务器错误！ ["Class 'App\\Http\\Controllers\\Admin\\User' not found"] []
[2021-07-01 13:19:05] mylog.ERROR: 服务器错误！ ["This action is unauthorized."] []
[2021-07-01 13:19:11] mylog.ERROR: 服务器错误！ ["Class 'App\\Http\\Controllers\\Admin\\User' not found"] []
[2021-07-01 13:20:12] mylog.ERROR: 服务器错误！ ["This action is unauthorized."] []
[2021-07-01 13:24:51] mylog.ERROR: 服务器错误！ ["Declaration of App\\Http\\Requests\\ShowUserdataRequest::failedValidation(App\\Http\\Requests\\Validator $validator) should be compatible with Illuminate\\Foundation\\Http\\FormRequest::failedValidation(Illuminate\\Contracts\\Validation\\Validator $validator)"] []
[2021-07-01 13:31:41] mylog.ERROR: 服务器错误！ ["Declaration of App\\Http\\Requests\\pdpRequest::failedValidation(Illuminate\\Support\\Facades\\Validator $validator) should be compatible with Illuminate\\Foundation\\Http\\FormRequest::failedValidation(Illuminate\\Contracts\\Validation\\Validator $validator)"] []
[2021-07-01 13:38:23] mylog.ERROR: 服务器错误！ ["Declaration of App\\Http\\Requests\\ShowUserdataRequest::failedValidation(App\\Http\\Requests\\Validator $validator) should be compatible with Illuminate\\Foundation\\Http\\FormRequest::failedValidation(Illuminate\\Contracts\\Validation\\Validator $validator)"] []
[2021-07-01 13:39:34] mylog.ERROR: 服务器错误！ ["Declaration of App\\Http\\Requests\\ShowUserdataRequest::failedValidation(App\\Http\\Requests\\Validator $validator) should be compatible with Illuminate\\Foundation\\Http\\FormRequest::failedValidation(Illuminate\\Contracts\\Validation\\Validator $validator)"] []
[2021-07-01 13:50:40] mylog.ERROR: 服务器错误！ ["This action is unauthorized."] []
[2021-07-01 13:50:57] mylog.ERROR: 服务器错误！ ["The POST method is not supported for this route. Supported methods: GET, HEAD."] []
[2021-07-01 13:51:32] mylog.ERROR: 服务器错误！ ["Declaration of App\\Http\\Requests\\ShowUserdataRequest::failedValidation(App\\Http\\Requests\\Validator $validator) should be compatible with Illuminate\\Foundation\\Http\\FormRequest::failedValidation(Illuminate\\Contracts\\Validation\\Validator $validator)"] []
[2021-07-01 13:52:15] mylog.ERROR: 服务器错误！ ["The POST method is not supported for this route. Supported methods: GET, HEAD."] []
[2021-07-01 13:52:25] mylog.ERROR: 服务器错误！ ["Declaration of App\\Http\\Requests\\ShowUserdataRequest::failedValidation(App\\Http\\Requests\\Validator $validator) should be compatible with Illuminate\\Foundation\\Http\\FormRequest::failedValidation(Illuminate\\Contracts\\Validation\\Validator $validator)"] []
[2021-07-01 13:53:11] mylog.ERROR: 服务器错误！ ["Declaration of App\\Http\\Requests\\ShowUserdataRequest::failedValidation(Illuminate\\Support\\Facades\\Validator $validator) should be compatible with Illuminate\\Foundation\\Http\\FormRequest::failedValidation(Illuminate\\Contracts\\Validation\\Validator $validator)"] []
[2021-07-01 13:54:37] mylog.ERROR: 服务器错误！ ["Declaration of App\\Http\\Requests\\ShowUserdataRequest::failedValidation(Illuminate\\Support\\Facades\\Validator $validator) should be compatible with Illuminate\\Foundation\\Http\\FormRequest::failedValidation(Illuminate\\Contracts\\Validation\\Validator $validator)"] []
[2021-07-01 13:59:27] mylog.ERROR: 服务器错误！ ["Cannot instantiate interface Illuminate\\Contracts\\Validation\\Validator"] []
[2021-07-01 14:00:18] mylog.ERROR: 服务器错误！ ["Cannot instantiate interface Illuminate\\Contracts\\Validation\\Validator"] []
[2021-07-01 14:00:19] mylog.ERROR: 服务器错误！ ["Cannot instantiate interface Illuminate\\Contracts\\Validation\\Validator"] []
[2021-07-01 14:01:16] mylog.ERROR: 服务器错误！ ["Declaration of App\\Http\\Requests\\ShowUserdataRequest::failedValidation(Illuminate\\Support\\Facades\\Validator $validator) should be compatible with Illuminate\\Foundation\\Http\\FormRequest::failedValidation(Illuminate\\Contracts\\Validation\\Validator $validator)"] []
[2021-07-01 14:02:09] mylog.ERROR: 服务器错误！ ["syntax error, unexpected end of file, expecting function (T_FUNCTION) or const (T_CONST)"] []
[2021-07-01 14:02:53] mylog.ERROR: 服务器错误！ ["This action is unauthorized."] []
[2021-07-01 14:11:47] mylog.ERROR: 服务器错误！ ["This action is unauthorized."] []
[2021-07-01 14:13:03] mylog.ERROR: 服务器错误！ ["This action is unauthorized."] []
[2021-07-01 14:13:26] mylog.ERROR: 服务器错误！ ["This action is unauthorized."] []
[2021-07-01 14:15:47] mylog.ERROR: 服务器错误！ ["This action is unauthorized."] []
[2021-07-01 14:23:01] mylog.ERROR: 服务器错误！ ["This action is unauthorized."] []
[2021-07-01 14:24:03] mylog.ERROR: 服务器错误！ ["Call to undefined function App\\Http\\Controllers\\Career\\arry()"] []
[2021-07-01 14:26:00] mylog.ERROR: 服务器错误！ ["Call to undefined function App\\Http\\Controllers\\Career\\arry()"] []
[2021-07-01 14:27:40] mylog.ERROR: 服务器错误！ ["Undefined variable: date"] []
[2021-07-01 15:27:34] mylog.ERROR: 获取用户信息错误 ["SQLSTATE[23000]: Integrity constraint violation: 1048 Column 'user_email' cannot be null (SQL: insert into `pdp` (`pdp_id`, `user_email`, `tiger_score`, `peacock_score`, `koala_score`, `owl_score`, `chameleon_score`) values (?, ?, 5, 4, 6, 2, 4))"] []
[2021-07-01 15:30:18] mylog.ERROR: 获取用户信息错误 ["SQLSTATE[23000]: Integrity constraint violation: 1048 Column 'user_email' cannot be null (SQL: insert into `pdp` (`pdp_id`, `user_email`, `tiger_score`, `peacock_score`, `koala_score`, `owl_score`, `chameleon_score`) values (?, ?, 5, 4, 6, 2, 4))"] []
[2021-07-01 15:30:18] mylog.ERROR: 服务器错误！ ["Undefined variable: date"] []
[2021-07-01 15:32:05] mylog.ERROR: 获取用户信息错误 ["SQLSTATE[23000]: Integrity constraint violation: 1048 Column 'user_email' cannot be null (SQL: insert into `pdp` (`pdp_id`, `user_email`, `tiger_score`, `peacock_score`, `koala_score`, `owl_score`, `chameleon_score`) values (?, ?, 5, 4, 6, 2, 4))"] []
[2021-07-01 15:32:26] mylog.ERROR: 获取用户信息错误 ["SQLSTATE[23000]: Integrity constraint violation: 1048 Column 'user_email' cannot be null (SQL: insert into `pdp` (`pdp_id`, `user_email`, `tiger_score`, `peacock_score`, `koala_score`, `owl_score`, `chameleon_score`) values (?, ?, 5, 4, 6, 2, 4))"] []
[2021-07-01 15:32:26] mylog.ERROR: 获取用户信息错误 ["Undefined variable: date"] []
[2021-07-01 15:34:26] mylog.ERROR: 获取用户信息错误 ["SQLSTATE[23000]: Integrity constraint violation: 1048 Column 'user_email' cannot be null (SQL: insert into `pdp` (`pdp_id`, `user_email`, `tiger_score`, `peacock_score`, `koala_score`, `owl_score`, `chameleon_score`) values (?, ?, 5, 4, 6, 2, 4))"] []
[2021-07-01 15:36:55] mylog.ERROR: 获取用户信息错误 ["SQLSTATE[23000]: Integrity constraint violation: 1048 Column 'user_email' cannot be null (SQL: insert into `pdp` (`pdp_id`, `user_email`, `tiger_score`, `peacock_score`, `koala_score`, `owl_score`, `chameleon_score`) values (?, ?, 5, 4, 6, 2, 4))"] []
[2021-07-01 15:36:55] mylog.ERROR: 服务器错误！ ["Undefined variable: date"] []
[2021-07-01 15:37:23] mylog.ERROR: 获取用户信息错误 ["SQLSTATE[23000]: Integrity constraint violation: 1048 Column 'user_email' cannot be null (SQL: insert into `pdp` (`pdp_id`, `user_email`, `tiger_score`, `peacock_score`, `koala_score`, `owl_score`, `chameleon_score`) values (?, ?, 5, 4, 6, 2, 4))"] []
[2021-07-01 15:37:23] mylog.ERROR: 服务器错误！ ["Undefined variable: date"] []
[2021-07-01 15:37:42] mylog.ERROR: 获取用户信息错误 ["SQLSTATE[23000]: Integrity constraint violation: 1048 Column 'user_email' cannot be null (SQL: insert into `pdp` (`pdp_id`, `user_email`, `tiger_score`, `peacock_score`, `koala_score`, `owl_score`, `chameleon_score`) values (?, ?, 5, 4, 6, 2, 4))"] []
[2021-07-01 15:37:42] mylog.ERROR: 服务器错误！ ["Undefined variable: date"] []
[2021-07-01 15:38:02] mylog.ERROR: 获取用户信息错误 ["SQLSTATE[23000]: Integrity constraint violation: 1048 Column 'user_email' cannot be null (SQL: insert into `pdp` (`pdp_id`, `user_email`, `tiger_score`, `peacock_score`, `koala_score`, `owl_score`, `chameleon_score`) values (?, ?, 5, 4, 6, 2, 4))"] []
[2021-07-01 15:38:53] mylog.ERROR: 服务器错误！ ["Undefined variable: date"] []
[2021-07-01 15:43:03] mylog.ERROR: 获取用户信息错误 ["SQLSTATE[23000]: Integrity constraint violation: 1048 Column 'user_email' cannot be null (SQL: insert into `pdp` (`pdp_id`, `user_email`, `tiger_score`, `peacock_score`, `koala_score`, `owl_score`, `chameleon_score`) values (?, ?, 5, 4, 6, 2, 4))"] []
[2021-07-01 15:43:05] mylog.ERROR: 获取用户信息错误 ["SQLSTATE[23000]: Integrity constraint violation: 1048 Column 'user_email' cannot be null (SQL: insert into `pdp` (`pdp_id`, `user_email`, `tiger_score`, `peacock_score`, `koala_score`, `owl_score`, `chameleon_score`) values (?, ?, 5, 4, 6, 2, 4))"] []
[2021-07-01 15:43:28] mylog.ERROR: 获取用户信息错误 ["SQLSTATE[23000]: Integrity constraint violation: 1048 Column 'user_email' cannot be null (SQL: insert into `pdp` (`pdp_id`, `user_email`, `tiger_score`, `peacock_score`, `koala_score`, `owl_score`, `chameleon_score`) values (?, ?, 5, 4, 6, 2, 4))"] []
[2021-07-01 15:43:30] mylog.ERROR: 获取用户信息错误 ["SQLSTATE[23000]: Integrity constraint violation: 1048 Column 'user_email' cannot be null (SQL: insert into `pdp` (`pdp_id`, `user_email`, `tiger_score`, `peacock_score`, `koala_score`, `owl_score`, `chameleon_score`) values (?, ?, 5, 4, 6, 2, 4))"] []
[2021-07-01 15:43:44] mylog.ERROR: 获取用户信息错误 ["SQLSTATE[23000]: Integrity constraint violation: 1048 Column 'user_email' cannot be null (SQL: insert into `pdp` (`pdp_id`, `user_email`, `tiger_score`, `peacock_score`, `koala_score`, `owl_score`, `chameleon_score`) values (?, ?, 5, 4, 6, 2, 4))"] []
[2021-07-01 15:46:06] mylog.ERROR: 获取用户信息错误 ["SQLSTATE[23000]: Integrity constraint violation: 1048 Column 'user_email' cannot be null (SQL: insert into `pdp` (`pdp_id`, `user_email`, `tiger_score`, `peacock_score`, `koala_score`, `owl_score`, `chameleon_score`) values (?, ?, 5, 4, 6, 2, 4))"] []
[2021-07-01 15:46:08] mylog.ERROR: 获取用户信息错误 ["SQLSTATE[23000]: Integrity constraint violation: 1048 Column 'user_email' cannot be null (SQL: insert into `pdp` (`pdp_id`, `user_email`, `tiger_score`, `peacock_score`, `koala_score`, `owl_score`, `chameleon_score`) values (?, ?, 5, 4, 6, 2, 4))"] []
[2021-07-01 15:47:17] mylog.ERROR: 获取用户信息错误 ["SQLSTATE[HY000]: General error: 1364 Field 'user_email' doesn't have a default value (SQL: insert into `pdp` () values ())"] []
[2021-07-01 15:47:19] mylog.ERROR: 获取用户信息错误 ["SQLSTATE[HY000]: General error: 1364 Field 'user_email' doesn't have a default value (SQL: insert into `pdp` () values ())"] []
[2021-07-01 15:48:28] mylog.ERROR: 获取用户信息错误 ["SQLSTATE[HY000]: General error: 1364 Field 'user_email' doesn't have a default value (SQL: insert into `pdp` () values ())"] []
[2021-07-01 15:49:22] mylog.ERROR: 获取用户信息错误 ["SQLSTATE[HY000]: General error: 1364 Field 'user_email' doesn't have a default value (SQL: insert into `pdp` () values ())"] []
[2021-07-01 15:51:49] mylog.ERROR: 获取用户信息错误 ["SQLSTATE[23000]: Integrity constraint violation: 1048 Column 'user_email' cannot be null (SQL: insert into `pdp` (`pdp_id`, `user_email`, `tiger_score`, `peacock_score`, `koala_score`, `owl_score`, `chameleon_score`) values (?, ?, 5, 4, 6, 2, 4))"] []
[2021-07-01 15:51:50] mylog.ERROR: 获取用户信息错误 ["SQLSTATE[23000]: Integrity constraint violation: 1048 Column 'user_email' cannot be null (SQL: insert into `pdp` (`pdp_id`, `user_email`, `tiger_score`, `peacock_score`, `koala_score`, `owl_score`, `chameleon_score`) values (?, ?, 5, 4, 6, 2, 4))"] []
[2021-07-01 15:52:20] mylog.ERROR: 获取用户信息错误 ["SQLSTATE[HY000]: General error: 1364 Field 'user_email' doesn't have a default value (SQL: insert into `pdp` () values ())"] []
[2021-07-01 15:53:35] mylog.ERROR: 获取用户信息错误 ["SQLSTATE[HY000]: General error: 1364 Field 'user_email' doesn't have a default value (SQL: insert into `pdp` () values ())"] []
[2021-07-01 15:53:47] mylog.ERROR: 获取用户信息错误 ["SQLSTATE[HY000]: General error: 1364 Field 'user_email' doesn't have a default value (SQL: insert into `pdp` () values ())"] []
[2021-07-01 16:43:01] mylog.ERROR: 服务器错误！ ["Method App\\Http\\Controllers\\Admin\\UserdataController::pdpcheck does not exist."] []
[2021-07-01 16:43:42] mylog.ERROR: 服务器错误！ ["Method App\\Http\\Controllers\\Admin\\UserdataController::pdpcheck does not exist."] []
[2021-07-01 16:43:48] mylog.ERROR: 服务器错误！ ["Method App\\Http\\Controllers\\Admin\\UserdataController::pdpcheck does not exist."] []
[2021-07-01 16:44:47] mylog.ERROR: 服务器错误！ ["Target class [App\\Http\\Controllers\\Admin\\PdpController] does not exist."] []
[2021-07-01 16:57:44] mylog.ERROR: 服务器错误！ ["Undefined variable: date1"] []
[2021-07-01 16:58:14] mylog.ERROR: 获取用户信息错误 ["SQLSTATE[HY000]: General error: 1364 Field 'user_email' doesn't have a default value (SQL: insert into `pdp` () values ())"] []
[2021-07-01 16:59:37] mylog.ERROR: 获取用户信息错误 ["SQLSTATE[23000]: Integrity constraint violation: 1048 Column 'user_email' cannot be null (SQL: insert into `pdp` (`pdp_id`, `user_email`, `tiger_score`, `peacock_score`, `koala_score`, `owl_score`, `chameleon_score`) values (?, ?, 5, 4, 6, 2, 4))"] []
[2021-07-01 17:00:16] mylog.ERROR: 获取用户信息错误 ["SQLSTATE[23000]: Integrity constraint violation: 1048 Column 'user_email' cannot be null (SQL: insert into `pdp` (`pdp_id`, `user_email`, `tiger_score`, `peacock_score`, `koala_score`, `owl_score`, `chameleon_score`) values (?, ?, 5, 4, 6, 2, 4))"] []
[2021-07-01 17:00:17] mylog.ERROR: 获取用户信息错误 ["SQLSTATE[23000]: Integrity constraint violation: 1048 Column 'user_email' cannot be null (SQL: insert into `pdp` (`pdp_id`, `user_email`, `tiger_score`, `peacock_score`, `koala_score`, `owl_score`, `chameleon_score`) values (?, ?, 5, 4, 6, 2, 4))"] []
[2021-07-01 17:00:18] mylog.ERROR: 获取用户信息错误 ["SQLSTATE[23000]: Integrity constraint violation: 1048 Column 'user_email' cannot be null (SQL: insert into `pdp` (`pdp_id`, `user_email`, `tiger_score`, `peacock_score`, `koala_score`, `owl_score`, `chameleon_score`) values (?, ?, 5, 4, 6, 2, 4))"] []
[2021-07-01 17:02:31] mylog.ERROR: 获取用户信息错误 ["SQLSTATE[23000]: Integrity constraint violation: 1048 Column 'user_email' cannot be null (SQL: insert into `pdp` (`pdp_id`, `user_email`, `tiger_score`, `peacock_score`, `koala_score`, `owl_score`, `chameleon_score`) values (?, ?, 5, 4, 6, 2, 4))"] []
[2021-07-01 17:02:34] mylog.ERROR: 获取用户信息错误 ["SQLSTATE[23000]: Integrity constraint violation: 1048 Column 'user_email' cannot be null (SQL: insert into `pdp` (`pdp_id`, `user_email`, `tiger_score`, `peacock_score`, `koala_score`, `owl_score`, `chameleon_score`) values (?, ?, 5, 4, 6, 2, 4))"] []
[2021-07-01 17:05:36] mylog.ERROR: 获取用户信息错误 ["SQLSTATE[HY000]: General error: 1364 Field 'user_email' doesn't have a default value (SQL: insert into `pdp` () values ())"] []
[2021-07-01 17:16:40] mylog.ERROR: 获取用户信息错误 ["SQLSTATE[HY000]: General error: 1364 Field 'user_email' doesn't have a default value (SQL: insert into `pdp` () values ())"] []
[2021-07-01 17:23:38] mylog.ERROR: 添加pdp数据错误 ["SQLSTATE[HY000]: General error: 1364 Field 'user_email' doesn't have a default value (SQL: insert into `pdp` () values ())"] []
[2021-07-01 17:24:12] mylog.ERROR: 添加pdp数据错误 ["SQLSTATE[HY000]: General error: 1364 Field 'user_email' doesn't have a default value (SQL: insert into `pdp` () values ())"] []
[2021-07-01 17:28:21] mylog.ERROR: 添加pdp数据错误 ["SQLSTATE[HY000]: General error: 1364 Field 'user_email' doesn't have a default value (SQL: insert into `pdp` () values ())"] []
[2021-07-01 17:28:23] mylog.ERROR: 添加pdp数据错误 ["SQLSTATE[HY000]: General error: 1364 Field 'user_email' doesn't have a default value (SQL: insert into `pdp` () values ())"] []
[2021-07-01 17:31:10] mylog.ERROR: 添加pdp数据错误 ["SQLSTATE[HY000]: General error: 1364 Field 'user_email' doesn't have a default value (SQL: insert into `pdp` () values ())"] []
[2021-07-01 17:31:11] mylog.ERROR: 添加pdp数据错误 ["SQLSTATE[HY000]: General error: 1364 Field 'user_email' doesn't have a default value (SQL: insert into `pdp` () values ())"] []
[2021-07-01 17:33:03] mylog.ERROR: 添加pdp数据错误 ["SQLSTATE[HY000]: General error: 1364 Field 'user_email' doesn't have a default value (SQL: insert into `pdp` () values ())"] []
[2021-07-01 17:33:31] mylog.ERROR: 添加pdp数据错误 ["SQLSTATE[HY000]: General error: 1364 Field 'user_email' doesn't have a default value (SQL: insert into `pdp` () values ())"] []
[2021-07-01 17:35:44] mylog.ERROR: 添加pdp数据错误 ["SQLSTATE[HY000]: General error: 1364 Field 'user_email' doesn't have a default value (SQL: insert into `pdp` () values ())"] []
[2021-07-01 17:48:29] mylog.ERROR: 服务器错误！ ["The POST method is not supported for this route. Supported methods: GET, HEAD."] []
[2021-07-01 17:49:03] mylog.ERROR: 服务器错误！ ["Method App\\Http\\Controllers\\Career\\PdpController::temperamentnum does not exist."] []
[2021-07-01 17:51:26] mylog.ERROR: 服务器错误！ ["Method App\\Http\\Controllers\\Career\\PdpController::Temperamentnum does not exist."] []
[2021-07-01 17:58:24] mylog.ERROR: 服务器错误！ ["The GET method is not supported for this route. Supported methods: POST."] []
[2021-07-01 18:00:53] mylog.ERROR: 服务器错误！ ["The GET method is not supported for this route. Supported methods: POST."] []
[2021-07-01 18:26:35] mylog.ERROR: 服务器错误！ ["The POST method is not supported for this route. Supported methods: GET, HEAD."] []
[2021-07-01 18:27:23] mylog.ERROR: 服务器错误！ ["Too few arguments to function App\\Model\\Temperament::data(), 0 passed in F:\\laravel\\laravel-master\\app\\Http\\Controllers\\Career\\TemperamentController.php on line 31 and exactly 1 expected"] []
[2021-07-01 18:28:16] mylog.ERROR: 服务器错误！ ["Too few arguments to function App\\Model\\Temperament::data(), 0 passed in F:\\laravel\\laravel-master\\app\\Http\\Controllers\\Career\\TemperamentController.php on line 31 and exactly 1 expected"] []
[2021-07-01 18:28:47] mylog.ERROR: 服务器错误！ ["Too few arguments to function App\\Model\\Temperament::Temperamentdata(), 0 passed in F:\\laravel\\laravel-master\\app\\Http\\Controllers\\Career\\TemperamentController.php on line 31 and exactly 1 expected"] []
[2021-07-01 18:30:48] mylog.ERROR: 服务器错误！ ["Too few arguments to function App\\Model\\Temperament::data(), 0 passed in F:\\laravel\\laravel-master\\app\\Http\\Controllers\\Career\\TemperamentController.php on line 31 and exactly 1 expected"] []
[2021-07-01 18:37:13] mylog.ERROR: 服务器错误！ ["Too few arguments to function App\\Model\\Temperament::data(), 0 passed in F:\\laravel\\laravel-master\\app\\Http\\Controllers\\Career\\TemperamentController.php on line 31 and exactly 1 expected"] []
[2021-07-01 18:38:56] mylog.ERROR: 服务器错误！ ["Too few arguments to function App\\Http\\Controllers\\Career\\TemperamentController::Temperamentcheck(), 0 passed in F:\\laravel\\laravel-master\\vendor\\laravel\\framework\\src\\Illuminate\\Routing\\Controller.php on line 54 and exactly 1 expected"] []
[2021-07-01 18:43:12] mylog.ERROR: 服务器错误！ ["The POST method is not supported for this route. Supported methods: GET, HEAD."] []
[2021-07-01 19:09:22] mylog.ERROR: 获取用户信息错误 ["Undefined variable: owl_score"] []
[2021-07-01 19:09:22] mylog.ERROR: 获取用户信息错误 ["SQLSTATE[23000]: Integrity constraint violation: 1062 Duplicate entry '55' for key 'user_email' (SQL: insert into `temperament` (`temperament_id`, `user_email`, `bile_score`, `bloody_score`, `mucus_score`, `depression_score`) values (?, 55, 15, 16, 20, ?))"] []
[2021-07-01 19:14:10] mylog.ERROR: 获取用户信息错误 ["Undefined variable: owl_score"] []
[2021-07-01 19:14:10] mylog.ERROR: 获取用户信息错误 ["SQLSTATE[23000]: Integrity constraint violation: 1062 Duplicate entry '55' for key 'user_email' (SQL: insert into `temperament` (`temperament_id`, `user_email`, `bile_score`, `bloody_score`, `mucus_score`, `depression_score`) values (?, 55, 15, 16, 20, ?))"] []
[2021-07-01 19:14:49] mylog.ERROR: 获取用户信息错误 ["Undefined variable: owl_score"] []
[2021-07-01 19:14:49] mylog.ERROR: 获取用户信息错误 ["SQLSTATE[23000]: Integrity constraint violation: 1062 Duplicate entry '55' for key 'user_email' (SQL: insert into `temperament` (`temperament_id`, `user_email`, `bile_score`, `bloody_score`, `mucus_score`, `depression_score`) values (?, 55, 15, 16, 20, ?))"] []
[2021-07-01 19:15:26] mylog.ERROR: 获取用户信息错误 ["Undefined variable: owl_score"] []
[2021-07-01 19:15:26] mylog.ERROR: 获取用户信息错误 ["SQLSTATE[23000]: Integrity constraint violation: 1062 Duplicate entry '55' for key 'user_email' (SQL: insert into `temperament` (`temperament_id`, `user_email`, `bile_score`, `bloody_score`, `mucus_score`, `depression_score`) values (?, 55, 15, 16, 20, ?))"] []
[2021-07-01 19:15:28] mylog.ERROR: 获取用户信息错误 ["Undefined variable: owl_score"] []
[2021-07-01 19:15:28] mylog.ERROR: 获取用户信息错误 ["SQLSTATE[23000]: Integrity constraint violation: 1062 Duplicate entry '55' for key 'user_email' (SQL: insert into `temperament` (`temperament_id`, `user_email`, `bile_score`, `bloody_score`, `mucus_score`, `depression_score`) values (?, 55, 15, 16, 20, ?))"] []
[2021-07-01 19:17:49] mylog.ERROR: 获取用户信息错误 ["Undefined variable: owl_score"] []
[2021-07-01 19:17:50] mylog.ERROR: 获取用户信息错误 ["Undefined variable: owl_score"] []
[2021-07-01 19:18:41] mylog.ERROR: 获取用户信息错误 ["SQLSTATE[23000]: Integrity constraint violation: 1062 Duplicate entry '55' for key 'user_email' (SQL: insert into `temperament` (`temperament_id`, `user_email`, `bile_score`, `bloody_score`, `mucus_score`, `depression_score`) values (?, 55, 15, 16, 20, ?))"] []
[2021-07-01 19:18:43] mylog.ERROR: 获取用户信息错误 ["SQLSTATE[23000]: Integrity constraint violation: 1062 Duplicate entry '55' for key 'user_email' (SQL: insert into `temperament` (`temperament_id`, `user_email`, `bile_score`, `bloody_score`, `mucus_score`, `depression_score`) values (?, 55, 15, 16, 20, ?))"] []
[2021-07-01 19:18:51] mylog.ERROR: 获取用户信息错误 ["SQLSTATE[23000]: Integrity constraint violation: 1048 Column 'user_email' cannot be null (SQL: insert into `temperament` (`temperament_id`, `user_email`, `bile_score`, `bloody_score`, `mucus_score`, `depression_score`) values (?, ?, 15, 16, 20, ?))"] []
[2021-07-01 19:19:46] mylog.ERROR: 服务器错误！ ["The GET method is not supported for this route. Supported methods: POST."] []
[2021-07-01 19:20:16] mylog.ERROR: 服务器错误！ ["The GET method is not supported for this route. Supported methods: POST."] []
[2021-07-01 19:20:19] mylog.ERROR: 获取用户信息错误 ["SQLSTATE[23000]: Integrity constraint violation: 1048 Column 'user_email' cannot be null (SQL: insert into `temperament` (`temperament_id`, `user_email`, `bile_score`, `bloody_score`, `mucus_score`, `depression_score`) values (?, ?, 15, 16, 20, ?))"] []
[2021-07-01 19:21:15] mylog.ERROR: 获取用户信息错误 ["SQLSTATE[23000]: Integrity constraint violation: 1048 Column 'user_email' cannot be null (SQL: insert into `temperament` (`temperament_id`, `user_email`, `bile_score`, `bloody_score`, `mucus_score`, `depression_score`) values (?, ?, 15, 16, 20, ?))"] []
[2021-07-01 19:21:36] mylog.ERROR: 获取用户信息错误 ["SQLSTATE[23000]: Integrity constraint violation: 1048 Column 'user_email' cannot be null (SQL: insert into `temperament` (`temperament_id`, `user_email`, `bile_score`, `bloody_score`, `mucus_score`, `depression_score`) values (?, ?, 15, 16, 12, ?))"] []
[2021-07-01 19:25:22] mylog.ERROR: 获取用户信息错误 ["SQLSTATE[23000]: Integrity constraint violation: 1062 Duplicate entry '88' for key 'user_email' (SQL: insert into `temperament` (`user_email`, `bile_score`, `bloody_score`, `mucus_score`, `depression_score`) values (88, 19, 16, 12, ?))"] []
[2021-07-01 19:26:01] mylog.ERROR: 获取用户信息错误 ["SQLSTATE[23000]: Integrity constraint violation: 1062 Duplicate entry '88' for key 'user_email' (SQL: insert into `temperament` (`user_email`, `bile_score`, `bloody_score`, `mucus_score`, `depression_score`) values (88, 19, 16, 12, 15))"] []
[2021-07-01 19:38:38] mylog.ERROR: 服务器错误！ ["This action is unauthorized."] []
[2021-07-01 19:40:06] mylog.ERROR: 服务器错误！ ["This action is unauthorized."] []
